
> cake-lounge-frontend@0.1.0 dev
> next dev

 ⚠ Port 3000 is in use, trying 3001 instead.
  ▲ Next.js 14.2.3
  - Local:        http://localhost:3001

 ✓ Starting...
 ✓ Ready in 1988ms
 ○ Compiling /menu ...
 ✓ Compiled /menu in 12.4s (1526 modules)
Firebase configuration is missing or invalid. Please check your environment variables.
 GET /menu 200 in 14945ms
 ✓ Compiled in 2.5s (691 modules)
 ○ Compiling /checkout ...
 ✓ Compiled /checkout in 986ms (1522 modules)
Firebase configuration is missing or invalid. Please check your environment variables.
 GET /checkout 200 in 1440ms
 ✓ Compiled /checkout/success in 420ms (1536 modules)
Firebase configuration is missing or invalid. Please check your environment variables.
 GET /checkout/success?orderId=test_order_123&paymentId=pay_test_456 200 in 574ms
 ✓ Compiled /checkout/failure in 412ms (1550 modules)
Firebase configuration is missing or invalid. Please check your environment variables.
 GET /checkout/failure?error=Simulated%20Payment%20Failure 200 in 571ms
 ○ Compiling /admin/orders ...
 ✓ Compiled /admin/orders in 3.3s (1579 modules)
Firebase configuration is missing or invalid. Please check your environment variables.
 GET /admin/orders 200 in 3468ms
 ○ Compiling /login ...
 ✓ Compiled /login in 508ms (1595 modules)
Firebase configuration is missing or invalid. Please check your environment variables.
 GET /menu 200 in 950ms
 GET /checkout 200 in 76ms
 GET /checkout/success?orderId=test_order_123&paymentId=pay_test_456 200 in 73ms
 GET /checkout/failure?error=Simulated%20Payment%20Failure 200 in 71ms
 GET /admin/orders 200 in 149ms
